Base path: 'E:/UnityHub/2019.3.0f3/Editor/Data', plugins path 'E:/UnityHub/2019.3.0f3/Editor/Data/PlaybackEngines'
Cmd: initializeCompiler
Cmd: compileComputeKernel
  api=4 insize=20657 outsize=94435 ok=1
Cmd: compileComputeKernel
  api=4 insize=7384 outsize=3230 ok=1
Cmd: compileComputeKernel
  api=4 insize=9998 outsize=3236 ok=1
Cmd: compileComputeKernel
  api=4 insize=4415 outsize=695 ok=1
Cmd: compileComputeKernel
  api=4 insize=8413 outsize=7449 ok=1
Cmd: compileComputeKernel
  api=4 insize=21900 outsize=21785 ok=1
Cmd: compileComputeKernel
  api=4 insize=3907 outsize=885 ok=1
Cmd: compileComputeKernel
  api=4 insize=5756 outsize=5733 ok=1
Cmd: compileComputeKernel
  api=4 insize=10150 outsize=764995 ok=1
Cmd: compileComputeKernel
  api=4 insize=10610 outsize=3978 ok=1
Cmd: compileComputeKernel
  api=4 insize=39449 outsize=35450 ok=1
Cmd: compileComputeKernel
  api=4 insize=39449 outsize=38577 ok=1
Cmd: compileComputeKernel
  api=4 insize=21755 outsize=15194 ok=1
Cmd: compileComputeKernel
  api=4 insize=8666 outsize=6109 ok=1
Cmd: compileComputeKernel
  api=4 insize=8898 outsize=9139 ok=1
Cmd: compileComputeKernel
  api=4 insize=19625 outsize=2349 ok=1
Cmd: compileComputeKernel
  api=4 insize=4907 outsize=2417 ok=1
Cmd: compileComputeKernel
  api=4 insize=5043 outsize=2822 ok=1
Cmd: compileComputeKernel
  api=4 insize=3246 outsize=2371 ok=1
Cmd: compileComputeKernel
  api=4 insize=1580 outsize=16101 ok=1
Cmd: compileComputeKernel
  api=4 insize=10018 outsize=3581 ok=1
Cmd: compileComputeKernel
  api=4 insize=25900 outsize=14181 ok=1
Cmd: compileComputeKernel
  api=4 insize=25900 outsize=15879 ok=1
Cmd: compileComputeKernel
  api=4 insize=15581 outsize=95677 ok=1
Cmd: compileComputeKernel
  api=4 insize=15581 outsize=55270 ok=1
Cmd: compileComputeKernel
  api=4 insize=15581 outsize=95512 ok=1
Cmd: compileComputeKernel
  api=4 insize=15581 outsize=77598 ok=1
Cmd: compileComputeKernel
  api=4 insize=6113 outsize=4935 ok=1
Cmd: compileComputeKernel
  api=4 insize=2512 outsize=757 ok=1
Cmd: compileComputeKernel
  api=4 insize=5898 outsize=9170 ok=1
Cmd: compileComputeKernel
  api=4 insize=13580 outsize=3986 ok=1
Cmd: compileComputeKernel
  api=4 insize=10769 outsize=3175 ok=1
Cmd: initializeCompiler

Quitting shader compiler process
