Base path: 'E:/UnityHub/2019.3.0f3/Editor/Data', plugins path 'E:/UnityHub/2019.3.0f3/Editor/Data/PlaybackEngines'
Cmd: initializeCompiler
Cmd: compileComputeKernel
  api=4 insize=9998 outsize=451 ok=1
Cmd: compileComputeKernel
  api=4 insize=8413 outsize=8564 ok=1
Cmd: compileComputeKernel
  api=4 insize=554 outsize=433 ok=1
Cmd: compileComputeKernel
  api=4 insize=17611 outsize=8303 ok=1
Cmd: compileComputeKernel
  api=4 insize=3907 outsize=3422 ok=1
Cmd: compileComputeKernel
  api=4 insize=1326 outsize=620 ok=1
Cmd: compileComputeKernel
  api=4 insize=10150 outsize=733520 ok=1
Cmd: compileComputeKernel
  api=4 insize=10610 outsize=4491 ok=1
Cmd: compileComputeKernel
  api=4 insize=3022 outsize=2044 ok=1
Cmd: compileComputeKernel
  api=4 insize=39449 outsize=36296 ok=1
Cmd: compileComputeKernel
  api=4 insize=39449 outsize=37811 ok=1
Cmd: compileComputeKernel
  api=4 insize=8319 outsize=1015 ok=1
Cmd: compileComputeKernel
  api=4 insize=3218 outsize=2636 ok=1
Cmd: compileComputeKernel
  api=4 insize=1088 outsize=975 ok=1
Cmd: compileComputeKernel
  api=4 insize=21755 outsize=14875 ok=1
Cmd: compileComputeKernel
  api=4 insize=11234 outsize=3273 ok=1
Cmd: compileComputeKernel
  api=4 insize=7985 outsize=695 ok=1
Cmd: compileComputeKernel
  api=4 insize=19625 outsize=788 ok=1
Cmd: compileComputeKernel
  api=4 insize=4907 outsize=2350 ok=1
Cmd: compileComputeKernel
  api=4 insize=5043 outsize=1174 ok=1
Cmd: compileComputeKernel
  api=4 insize=5043 outsize=898 ok=1
Cmd: compileComputeKernel
  api=4 insize=10018 outsize=3652 ok=1
Cmd: compileComputeKernel
  api=4 insize=25900 outsize=15917 ok=1
Cmd: compileComputeKernel
  api=4 insize=15581 outsize=34661 ok=1
Cmd: compileComputeKernel
  api=4 insize=15581 outsize=64144 ok=1
Cmd: compileComputeKernel
  api=4 insize=15581 outsize=48942 ok=1
Cmd: compileComputeKernel
  api=4 insize=15581 outsize=34046 ok=1
Cmd: compileComputeKernel
  api=4 insize=15581 outsize=48950 ok=1
Cmd: compileComputeKernel
  api=4 insize=15581 outsize=32310 ok=1
Cmd: compileComputeKernel
  api=4 insize=15581 outsize=57463 ok=1
Cmd: compileComputeKernel
  api=4 insize=15581 outsize=45984 ok=1
Cmd: compileComputeKernel
  api=4 insize=15581 outsize=51303 ok=1
Cmd: compileComputeKernel
  api=4 insize=6113 outsize=4872 ok=1
Cmd: compileComputeKernel
  api=4 insize=3607 outsize=1820 ok=1
Cmd: compileComputeKernel
  api=4 insize=5725 outsize=7136 ok=1
Cmd: compileComputeKernel
  api=4 insize=26408 outsize=6006 ok=1
Cmd: compileComputeKernel
  api=4 insize=7401 outsize=1033 ok=1
Cmd: compileComputeKernel
  api=4 insize=13580 outsize=4058 ok=1
Cmd: compileComputeKernel
  api=4 insize=10769 outsize=1413 ok=1
Cmd: initializeCompiler

Quitting shader compiler process
