Base path: 'E:/UnityHub/2019.3.0f3/Editor/Data', plugins path 'E:/UnityHub/2019.3.0f3/Editor/Data/PlaybackEngines'
Cmd: initializeCompiler
Cmd: compileComputeKernel
  api=4 insize=20657 outsize=94430 ok=1
Cmd: compileComputeKernel
  api=4 insize=8413 outsize=6168 ok=1
Cmd: compileComputeKernel
  api=4 insize=17611 outsize=7462 ok=1
Cmd: compileComputeKernel
  api=4 insize=3907 outsize=2751 ok=1
Cmd: compileComputeKernel
  api=4 insize=1326 outsize=678 ok=1
Cmd: compileComputeKernel
  api=4 insize=10610 outsize=4491 ok=1
Cmd: compileComputeKernel
  api=4 insize=39449 outsize=34940 ok=1
Cmd: compileComputeKernel
  api=4 insize=39449 outsize=34940 ok=1
Cmd: compileComputeKernel
  api=4 insize=21755 outsize=15906 ok=1
Cmd: compileComputeKernel
  api=4 insize=11234 outsize=4113 ok=1
Cmd: compileComputeKernel
  api=4 insize=7985 outsize=317 ok=1
Cmd: compileComputeKernel
  api=4 insize=19625 outsize=798 ok=1
Cmd: compileComputeKernel
  api=4 insize=5043 outsize=3022 ok=1
Cmd: compileComputeKernel
  api=4 insize=10018 outsize=4045 ok=1
Cmd: compileComputeKernel
  api=4 insize=25900 outsize=15619 ok=1
Cmd: compileComputeKernel
  api=4 insize=15581 outsize=14055 ok=1
Cmd: compileComputeKernel
  api=4 insize=15581 outsize=46517 ok=1
Cmd: compileComputeKernel
  api=4 insize=15581 outsize=55102 ok=1
Cmd: compileComputeKernel
  api=4 insize=15581 outsize=37394 ok=1
Cmd: compileComputeKernel
  api=4 insize=15581 outsize=44207 ok=1
Cmd: compileComputeKernel
  api=4 insize=15581 outsize=74985 ok=1
Cmd: compileComputeKernel
  api=4 insize=15581 outsize=48589 ok=1
Cmd: compileComputeKernel
  api=4 insize=15581 outsize=57627 ok=1
Cmd: compileComputeKernel
  api=4 insize=15581 outsize=69074 ok=1
Cmd: compileComputeKernel
  api=4 insize=6113 outsize=660 ok=1
Cmd: compileComputeKernel
  api=4 insize=5725 outsize=629 ok=1
Cmd: compileComputeKernel
  api=4 insize=26408 outsize=15416 ok=1
Cmd: compileComputeKernel
  api=4 insize=11912 outsize=1307 ok=1
Cmd: compileComputeKernel
  api=4 insize=7401 outsize=1261 ok=1
Cmd: compileComputeKernel
  api=4 insize=13580 outsize=2204 ok=1
Cmd: compileComputeKernel
  api=4 insize=4996 outsize=88949 ok=1
Cmd: compileComputeKernel
  api=4 insize=10769 outsize=7655 ok=1
Cmd: initializeCompiler

Quitting shader compiler process
